Solving the system of equations
	Axy = 1
	exp(-x)+exp(-y)=1+1/A
where A = 10000
Initial guess
(x,y) = (-2,	8),
f(x,y) = (-160001,	6.38929)
calls:	94
(x,y) = (1.09816e-05,	9.10615),
f(x,y) = (-7.39202e-11,	4.22318e-13)

Finding the minimum of Rosenbrock's valley function
	f(x,y) = (1-x)^2+100*(y-x^2)^2
Initial guess
(x,y) = (-2,	8),
f(x,y) = (3194,	800)
calls:	4279
(x,y) = (1,	1),
f(x,y) = (-3.40139e-10,	4.32321e-11)

Finding the minimum of Himmelblau's function
	f(x,y) = (x^2+y-11)^2+(x+y^2-7)^2
Initial guess
(x,y) = (-2,	8),
f(x,y) = (102,	1762)
calls:	28
(x,y) = (-2.80512,	3.13131),
f(x,y) = (5.91233e-14,	4.86345e-12)

Finding the solution to the system of equation
	exp(x)+exp(y/z) = 1
	sin(y) = cos(x)*z
	x*y*z = 100
Initial guess
(x,y) = (-5,	10,	-10),
f(x,y) = (-0.625383,	-8.93474,	400)
calls:	27
(x,y) = (-0.625468,	11.0647,	-14.4496),
f(x,y) = (-1.08802e-14,	-1.59206e-13,	-3.97904e-13)
