0	0	1
0.0044045	0.00440449	0.99999
0.0124925	0.0124921	0.999922
0.0206686	0.0206671	0.999786
0.0288345	0.0288305	0.999584
0.0370025	0.036994	0.999315
0.0451711	0.0451557	0.99898
0.0533404	0.0533151	0.998578
0.0615105	0.0614717	0.998109
0.0696813	0.069625	0.997573
0.0778529	0.0777743	0.996971
0.0860252	0.0859192	0.996302
0.0941983	0.0940591	0.995567
0.102372	0.102193	0.994765
0.110547	0.110322	0.993896
0.118722	0.118443	0.992961
0.126898	0.126558	0.991959
0.135075	0.134665	0.990891
0.143252	0.142763	0.989757
0.151431	0.150853	0.988556
0.15961	0.158933	0.987289
0.16779	0.167004	0.985956
0.17597	0.175064	0.984557
0.184152	0.183113	0.983092
0.192334	0.19115	0.981561
0.200517	0.199176	0.979964
0.2087	0.207189	0.978301
0.216885	0.215188	0.976573
0.22507	0.223174	0.974779
0.233256	0.231146	0.972919
0.241442	0.239103	0.970994
0.24963	0.247045	0.969004
0.257818	0.254971	0.966949
0.266007	0.262881	0.964828
0.274197	0.270774	0.962643
0.282387	0.278649	0.960393
0.290578	0.286506	0.958078
0.29877	0.294345	0.955699
0.306963	0.302165	0.953256
0.315157	0.309965	0.950748
0.323351	0.317746	0.948176
0.331546	0.325505	0.94554
0.339742	0.333244	0.942841
0.347939	0.340961	0.940078
0.356136	0.348655	0.937251
0.364334	0.356327	0.934361
0.372533	0.363976	0.931408
0.380733	0.371601	0.928393
0.388933	0.379202	0.925314
0.397135	0.386778	0.922173
0.405337	0.394328	0.91897
0.413539	0.401853	0.915704
0.421743	0.409351	0.912377
0.429947	0.416823	0.908988
0.438153	0.424267	0.905537
0.446359	0.431684	0.902025
0.454565	0.439072	0.898452
0.462773	0.446431	0.894818
0.470981	0.453761	0.891124
0.47919	0.461061	0.887369
0.4874	0.46833	0.883553
0.495611	0.475569	0.879678
0.503822	0.482776	0.875744
0.512034	0.489952	0.87175
0.520247	0.497095	0.867696
0.528461	0.504205	0.863584
0.536676	0.511282	0.859413
0.544891	0.518325	0.855184
0.553107	0.525334	0.850896
0.561324	0.532308	0.846551
0.569542	0.539247	0.842148
0.577761	0.54615	0.837688
0.58598	0.553016	0.83317
0.5942	0.559846	0.828596
0.602421	0.566639	0.823966
0.610643	0.573394	0.819279
0.618866	0.580111	0.814537
0.627089	0.58679	0.809739
0.635313	0.59343	0.804886
0.643538	0.60003	0.799978
0.651764	0.60659	0.795015
0.65999	0.613109	0.789998
0.668218	0.619588	0.784927
0.676446	0.626025	0.779803
0.684675	0.632421	0.774625
0.692905	0.638775	0.769394
0.701135	0.645086	0.76411
0.709367	0.651353	0.758775
0.717599	0.657578	0.753387
0.725832	0.663758	0.747948
0.734066	0.669894	0.742457
0.7423	0.675985	0.736916
0.750536	0.682031	0.731324
0.758772	0.688031	0.725681
0.767009	0.693985	0.71999
0.775247	0.699893	0.714248
0.783486	0.705753	0.708458
0.791725	0.711567	0.702619
0.799966	0.717332	0.696731
0.808207	0.72305	0.690796
0.816449	0.728718	0.684813
0.824692	0.734338	0.678783
0.832935	0.739909	0.672707
0.84118	0.74543	0.666584
0.849425	0.750901	0.660415
0.857671	0.756321	0.654201
0.865918	0.76169	0.647941
0.874166	0.767008	0.641637
0.882414	0.772275	0.635289
0.890664	0.777489	0.628896
0.898914	0.782651	0.62246
0.907165	0.787761	0.615982
0.915417	0.792817	0.60946
0.92367	0.797819	0.602897
0.931923	0.802768	0.596291
0.940178	0.807663	0.589645
0.948433	0.812503	0.582957
0.956689	0.817288	0.576229
0.964946	0.822018	0.569461
0.973204	0.826692	0.562654
0.981462	0.831311	0.555808
0.989722	0.835873	0.548923
0.997982	0.840379	0.541999
1.00624	0.844828	0.535039
1.0145	0.849219	0.528041
1.02277	0.853553	0.521006
1.03103	0.857829	0.513935
1.0393	0.862047	0.506828
1.04756	0.866207	0.499685
1.05583	0.870308	0.492508
1.06409	0.87435	0.485296
1.07236	0.878332	0.478051
1.08063	0.882255	0.470772
1.0889	0.886118	0.46346
1.09717	0.88992	0.456116
1.10544	0.893663	0.448739
1.11371	0.897344	0.441332
1.12199	0.900964	0.433893
1.13026	0.904523	0.426424
1.13854	0.908021	0.418925
1.14681	0.911457	0.411396
1.15509	0.91483	0.403838
1.16336	0.918142	0.396252
1.17164	0.92139	0.388638
1.17992	0.924576	0.380997
1.1882	0.927699	0.373329
1.19648	0.930759	0.365634
1.20476	0.933755	0.357913
1.21305	0.936687	0.350167
1.22133	0.939555	0.342397
1.22961	0.94236	0.334602
1.2379	0.945099	0.326783
1.24618	0.947775	0.318941
1.25447	0.950385	0.311076
1.26276	0.952931	0.303189
1.27105	0.955411	0.29528
1.27934	0.957826	0.28735
1.28763	0.960175	0.2794
1.29592	0.962458	0.271429
1.30421	0.964676	0.263439
1.3125	0.966827	0.25543
1.3208	0.968913	0.247403
1.32909	0.970931	0.239358
1.33739	0.972884	0.231295
1.34568	0.974769	0.223216
1.35398	0.976588	0.21512
1.36228	0.978339	0.207009
1.37058	0.980023	0.198883
1.37888	0.98164	0.190742
1.38718	0.98319	0.182587
1.39548	0.984672	0.174419
1.40378	0.986086	0.166237
1.41209	0.987432	0.158044
1.42039	0.988711	0.149838
1.4287	0.989921	0.141622
1.437	0.991063	0.133395
1.44531	0.992137	0.125157
1.45362	0.993142	0.11691
1.46193	0.99408	0.108655
1.47024	0.994948	0.10039
1.47855	0.995748	0.0921182
1.48686	0.996479	0.0838389
1.49517	0.997142	0.0755529
1.50348	0.997735	0.0672608
1.5118	0.99826	0.0589631
1.52011	0.998716	0.0506605
1.52843	0.999103	0.0423534
1.53675	0.99942	0.0340426
1.54507	0.999669	0.0257284
1.55338	0.999848	0.0174116
1.5617	0.999959	0.00909261
1.57002	1	0.000772124
1.57835	0.999972	-0.00754933
1.58667	0.999874	-0.0158712
1.59499	0.999707	-0.0241928
1.60332	0.999471	-0.0325137
1.61164	0.999166	-0.0408333
1.61997	0.998791	-0.0491509
1.62829	0.998347	-0.0574661
1.63662	0.997834	-0.0657782
1.64495	0.997252	-0.0740866
1.65328	0.9966	-0.0823908
1.66161	0.995879	-0.0906902
1.66994	0.995089	-0.0989843
1.67828	0.99423	-0.107272
1.68661	0.993301	-0.115554
1.69494	0.992304	-0.123828
1.70328	0.991237	-0.132095
1.71161	0.990101	-0.140354
1.71995	0.988897	-0.148603
1.72829	0.987623	-0.156844
1.73663	0.986281	-0.165074
1.74497	0.98487	-0.173294
1.75331	0.983391	-0.181502
1.76165	0.981842	-0.189699
1.76999	0.980225	-0.197884
1.77834	0.97854	-0.206056
1.78668	0.976787	-0.214214
1.79503	0.974965	-0.222358
1.80338	0.973075	-0.230488
1.81172	0.971117	-0.238603
1.82007	0.969092	-0.246701
1.82842	0.966998	-0.254784
1.83677	0.964837	-0.26285
1.84512	0.962608	-0.270898
1.85347	0.960312	-0.278929
1.86183	0.957948	-0.28694
1.87018	0.955518	-0.294933
1.87854	0.95302	-0.302906
1.88689	0.950456	-0.310859
1.89525	0.947825	-0.318791
1.90361	0.945128	-0.326702
1.91197	0.942364	-0.33459
1.92033	0.939534	-0.342457
1.92869	0.936638	-0.3503
1.93705	0.933676	-0.358119
1.94541	0.930648	-0.365915
1.95378	0.927555	-0.373686
1.96214	0.924397	-0.381431
1.97051	0.921174	-0.389151
1.97887	0.917886	-0.396844
1.98724	0.914533	-0.404511
1.99561	0.911116	-0.41215
2.00398	0.907635	-0.419761
2.01235	0.904089	-0.427344
2.02072	0.90048	-0.434897
2.02909	0.896808	-0.442421
2.03747	0.893072	-0.449915
2.04584	0.889273	-0.457378
2.05422	0.885411	-0.46481
2.06259	0.881486	-0.47221
2.07097	0.8775	-0.479578
2.07935	0.873451	-0.486913
2.08773	0.86934	-0.494214
2.09611	0.865168	-0.501482
2.10449	0.860935	-0.508716
2.11287	0.85664	-0.515914
2.12125	0.852285	-0.523077
2.12964	0.84787	-0.530205
2.13802	0.843394	-0.537296
2.14641	0.838859	-0.544349
2.1548	0.834264	-0.551366
2.16319	0.829609	-0.558344
2.17157	0.824896	-0.565284
2.17996	0.820124	-0.572186
2.18836	0.815294	-0.579047
2.19675	0.810406	-0.585869
2.20514	0.80546	-0.59265
2.21354	0.800457	-0.59939
2.22193	0.795397	-0.606089
2.23033	0.79028	-0.612746
2.23872	0.785107	-0.61936
2.24712	0.779878	-0.625932
2.25552	0.774593	-0.63246
2.26392	0.769253	-0.638944
2.27232	0.763858	-0.645384
2.28073	0.758408	-0.65178
2.28913	0.752905	-0.65813
2.29753	0.747347	-0.664434
2.30594	0.741736	-0.670692
2.31434	0.736072	-0.676904
2.32275	0.730355	-0.683068
2.33116	0.724585	-0.689185
2.33957	0.718764	-0.695254
2.34798	0.712891	-0.701274
2.35639	0.706968	-0.707246
2.3648	0.700993	-0.713168
2.37322	0.694968	-0.719041
2.38163	0.688893	-0.724863
2.39005	0.682769	-0.730635
2.39846	0.676595	-0.736355
2.40688	0.670373	-0.742024
2.4153	0.664102	-0.747642
2.42372	0.657784	-0.753207
2.43214	0.651418	-0.758719
2.44056	0.645005	-0.764178
2.44899	0.638546	-0.769584
2.45741	0.632041	-0.774935
2.46583	0.625489	-0.780233
2.47426	0.618893	-0.785475
2.48269	0.612252	-0.790663
2.49111	0.605567	-0.795795
2.49954	0.598837	-0.800871
2.50797	0.592065	-0.80589
2.51641	0.585249	-0.810854
2.52484	0.578391	-0.81576
2.53327	0.571491	-0.820608
2.54171	0.56455	-0.825399
2.55014	0.557567	-0.830132
2.55858	0.550544	-0.834806
2.56701	0.543481	-0.839422
2.57545	0.536378	-0.843978
2.58389	0.529236	-0.848475
2.59233	0.522055	-0.852912
2.60078	0.514837	-0.857288
2.60922	0.507581	-0.861604
2.61766	0.500287	-0.86586
2.62611	0.492957	-0.870054
2.63455	0.485591	-0.874186
2.643	0.47819	-0.878257
2.65145	0.470753	-0.882265
2.6599	0.463282	-0.886211
2.66835	0.455776	-0.890094
2.6768	0.448238	-0.893914
2.68525	0.440666	-0.897671
2.69371	0.433062	-0.901364
2.70216	0.425425	-0.904993
2.71062	0.417758	-0.908558
2.71907	0.410059	-0.912059
2.72753	0.402331	-0.915494
2.73599	0.394572	-0.918865
2.74445	0.386784	-0.92217
2.75291	0.378968	-0.92541
2.76137	0.371123	-0.928584
2.76984	0.363251	-0.931691
2.7783	0.355352	-0.934733
2.78677	0.347426	-0.937707
2.79523	0.339474	-0.940615
2.8037	0.331497	-0.943456
2.81217	0.323495	-0.94623
2.82064	0.315469	-0.948936
2.82911	0.307419	-0.951574
2.83758	0.299347	-0.954144
2.84606	0.291251	-0.956647
2.85453	0.283134	-0.95908
2.86301	0.274995	-0.961446
2.87149	0.266835	-0.963742
2.87996	0.258655	-0.96597
2.88844	0.250455	-0.968128
2.89692	0.242237	-0.970217
2.9054	0.233999	-0.972237
2.91389	0.225744	-0.974187
2.92237	0.217472	-0.976067
2.93085	0.209182	-0.977877
2.93934	0.200877	-0.979616
2.94783	0.192556	-0.981286
2.95631	0.18422	-0.982885
2.9648	0.17587	-0.984413
2.97329	0.167505	-0.985871
2.98179	0.159128	-0.987258
2.99028	0.150738	-0.988574
2.99877	0.142336	-0.989818
3.00727	0.133923	-0.990992
3.01576	0.125499	-0.992094
3.02426	0.117064	-0.993124
3.03276	0.10862	-0.994083
3.04126	0.100167	-0.994971
3.04976	0.091706	-0.995786
3.05826	0.0832369	-0.99653
3.06676	0.0747606	-0.997202
3.07527	0.0662778	-0.997801
3.08377	0.057789	-0.998329
3.09228	0.0492949	-0.998784
3.10079	0.040796	-0.999167
3.10929	0.0322931	-0.999478
3.1178	0.0237866	-0.999717
3.12631	0.0152772	-0.999883
3.13483	0.00676559	-0.999977
3.14334	-0.0017477	-0.999998
3.15185	-0.010262	-0.999947
3.16037	-0.0187768	-0.999824
3.16889	-0.0272914	-0.999628
3.17741	-0.0358052	-0.999359
3.18592	-0.0443176	-0.999017
3.19445	-0.0528279	-0.998604
3.20297	-0.0613356	-0.998117
3.21149	-0.06984	-0.997558
3.22001	-0.0783405	-0.996927
3.22854	-0.0868365	-0.996223
3.23706	-0.0953273	-0.995446
3.24559	-0.103812	-0.994597
3.25412	-0.112291	-0.993675
3.26265	-0.120763	-0.992681
3.27118	-0.129227	-0.991615
3.27971	-0.137683	-0.990476
3.28825	-0.14613	-0.989265
3.29678	-0.154568	-0.987982
3.30532	-0.162996	-0.986627
3.31386	-0.171413	-0.985199
3.32239	-0.179818	-0.9837
3.33093	-0.188212	-0.982128
3.33947	-0.196593	-0.980485
3.34802	-0.204961	-0.97877
3.35656	-0.213315	-0.976983
3.3651	-0.221655	-0.975125
3.37365	-0.22998	-0.973195
3.3822	-0.238289	-0.971194
3.39074	-0.246582	-0.969122
3.39929	-0.254859	-0.966978
3.40784	-0.263117	-0.964764
3.4164	-0.271358	-0.962478
3.42495	-0.27958	-0.960122
3.4335	-0.287783	-0.957696
3.44206	-0.295966	-0.955199
3.45062	-0.304128	-0.952631
3.45917	-0.31227	-0.949994
3.46773	-0.320389	-0.947286
3.47629	-0.328487	-0.944509
3.48486	-0.336561	-0.941662
3.49342	-0.344612	-0.938745
3.50198	-0.352639	-0.935759
3.51055	-0.360641	-0.932705
3.51911	-0.368618	-0.929581
3.52768	-0.376569	-0.926389
3.53625	-0.384493	-0.923128
3.54482	-0.392391	-0.919799
3.55339	-0.40026	-0.916401
3.56197	-0.408102	-0.912936
3.57054	-0.415915	-0.909404
3.57912	-0.423698	-0.905804
3.58769	-0.431451	-0.902136
3.59627	-0.439174	-0.898402
3.60485	-0.446865	-0.894601
3.61343	-0.454525	-0.890734
3.62201	-0.462152	-0.886801
3.6306	-0.469747	-0.882801
3.63918	-0.477308	-0.878736
3.64777	-0.484834	-0.874606
3.65635	-0.492327	-0.87041
3.66494	-0.499784	-0.86615
3.67353	-0.507205	-0.861825
3.68212	-0.51459	-0.857436
3.69071	-0.521938	-0.852983
3.69931	-0.529249	-0.848466
3.7079	-0.536522	-0.843886
3.7165	-0.543756	-0.839243
3.7251	-0.550951	-0.834537
3.7337	-0.558107	-0.829769
3.7423	-0.565222	-0.824939
3.7509	-0.572297	-0.820047
3.7595	-0.57933	-0.815093
3.7681	-0.586321	-0.810078
3.77671	-0.593271	-0.805003
3.78531	-0.600177	-0.799867
3.79392	-0.60704	-0.794671
3.80253	-0.613859	-0.789416
3.81114	-0.620633	-0.784101
3.81975	-0.627363	-0.778727
3.82837	-0.634047	-0.773295
3.83698	-0.640685	-0.767804
3.8456	-0.647276	-0.762256
3.85422	-0.65382	-0.75665
3.86283	-0.660317	-0.750987
3.87145	-0.666766	-0.745267
3.88008	-0.673166	-0.739491
3.8887	-0.679518	-0.733659
3.89732	-0.685819	-0.727772
3.90595	-0.692071	-0.721829
3.91457	-0.698272	-0.715832
3.9232	-0.704422	-0.709781
3.93183	-0.710521	-0.703676
3.94046	-0.716568	-0.697518
3.94909	-0.722562	-0.691306
3.95773	-0.728503	-0.685042
3.96636	-0.734391	-0.678726
3.975	-0.740225	-0.672359
3.98364	-0.746005	-0.66594
3.99227	-0.75173	-0.659471
4.00092	-0.7574	-0.652951
4.00956	-0.763015	-0.646381
4.0182	-0.768573	-0.639762
4.02684	-0.774074	-0.633095
4.03549	-0.779519	-0.626379
4.04414	-0.784906	-0.619615
4.05279	-0.790236	-0.612803
4.06144	-0.795507	-0.605945
4.07009	-0.800719	-0.59904
4.07874	-0.805873	-0.592089
4.08739	-0.810966	-0.585093
4.09605	-0.816	-0.578051
4.10471	-0.820974	-0.570966
4.11337	-0.825887	-0.563836
4.12203	-0.830738	-0.556663
4.13069	-0.835529	-0.549447
4.13935	-0.840257	-0.542188
4.14801	-0.844923	-0.534888
4.15668	-0.849526	-0.527546
4.16535	-0.854066	-0.520164
4.17401	-0.858543	-0.512741
4.18268	-0.862956	-0.505278
4.19136	-0.867305	-0.497777
4.20003	-0.87159	-0.490236
4.2087	-0.875809	-0.482658
4.21738	-0.879963	-0.475041
4.22606	-0.884052	-0.467388
4.23473	-0.888075	-0.459698
4.24341	-0.892032	-0.451973
4.25209	-0.895922	-0.444212
4.26078	-0.899745	-0.436416
4.26946	-0.903501	-0.428586
4.27815	-0.907189	-0.420722
4.28683	-0.91081	-0.412826
4.29552	-0.914363	-0.404897
4.30421	-0.917847	-0.396935
4.31291	-0.921262	-0.388943
4.3216	-0.924608	-0.38092
4.33029	-0.927885	-0.372866
4.33899	-0.931092	-0.364784
4.34769	-0.93423	-0.356672
4.35639	-0.937297	-0.348531
4.36509	-0.940294	-0.340363
4.37379	-0.94322	-0.332168
4.38249	-0.946075	-0.323947
4.3912	-0.948859	-0.315699
4.3999	-0.951572	-0.307426
4.40861	-0.954213	-0.299128
4.41732	-0.956782	-0.290806
4.42603	-0.959279	-0.282461
4.43474	-0.961703	-0.274092
4.44346	-0.964055	-0.265702
4.45217	-0.966334	-0.25729
4.46089	-0.96854	-0.248856
4.46961	-0.970673	-0.240403
4.47833	-0.972733	-0.231929
4.48705	-0.974718	-0.223437
4.49577	-0.97663	-0.214926
4.5045	-0.978468	-0.206397
4.51322	-0.980232	-0.197851
4.52195	-0.981921	-0.189289
4.53068	-0.983536	-0.18071
4.53941	-0.985077	-0.172116
4.54814	-0.986542	-0.163508
4.55688	-0.987932	-0.154885
4.56561	-0.989248	-0.146249
4.57435	-0.990488	-0.137601
4.58309	-0.991652	-0.12894
4.59183	-0.992741	-0.120268
4.60057	-0.993755	-0.111586
4.60931	-0.994692	-0.102893
4.61806	-0.995554	-0.0941906
4.6268	-0.99634	-0.0854796
4.63555	-0.99705	-0.0767604
4.6443	-0.997683	-0.0680339
4.65305	-0.99824	-0.0593005
4.66181	-0.998721	-0.050561
4.67056	-0.999125	-0.041816
4.67932	-0.999453	-0.0330663
4.68807	-0.999704	-0.0243124
4.69683	-0.999879	-0.015555
4.70559	-0.999977	-0.00679489
4.71436	-0.999998	0.00196739
4.72312	-0.999942	0.0107311
4.73189	-0.99981	0.0194957
4.74065	-0.999601	0.0282603
4.74942	-0.999314	0.0370244
4.75819	-0.998951	0.0457873
4.76696	-0.998511	0.0545482
4.77574	-0.997994	0.0633066
4.78451	-0.9974	0.0720618
4.79329	-0.996729	0.080813
4.80207	-0.995981	0.0895597
4.81085	-0.995157	0.098301
4.81963	-0.994255	0.107036
4.82841	-0.993277	0.115765
4.8372	-0.992221	0.124487
4.84599	-0.991089	0.1332
4.85477	-0.98988	0.141905
4.86357	-0.988595	0.150601
4.87236	-0.987232	0.159287
4.88115	-0.985794	0.167961
4.88995	-0.984278	0.176625
4.89874	-0.982686	0.185277
4.90754	-0.981018	0.193916
4.91634	-0.979274	0.202541
4.92514	-0.977453	0.211153
4.93395	-0.975556	0.219749
4.94275	-0.973584	0.228331
4.95156	-0.971535	0.236896
4.96037	-0.969411	0.245445
4.96918	-0.96721	0.253976
4.97799	-0.964935	0.262489
4.9868	-0.962584	0.270984
4.99562	-0.960158	0.279459
5.00444	-0.957656	0.287914
5.01326	-0.95508	0.296348
5.02208	-0.952429	0.304761
5.0309	-0.949703	0.313152
5.03972	-0.946903	0.32152
5.04855	-0.944028	0.329864
5.05738	-0.94108	0.338185
5.06621	-0.938057	0.346481
5.07504	-0.934961	0.354752
5.08387	-0.931791	0.362996
5.0927	-0.928547	0.371214
5.10154	-0.925231	0.379404
5.11038	-0.921842	0.387567
5.11922	-0.91838	0.395701
5.12806	-0.914845	0.403805
5.1369	-0.911238	0.41188
5.14575	-0.907559	0.419924
5.1546	-0.903809	0.427936
5.16345	-0.899987	0.435917
5.1723	-0.896093	0.443865
5.18115	-0.892129	0.451781
5.19	-0.888094	0.459662
5.19886	-0.883988	0.467509
5.20772	-0.879813	0.475321
5.21658	-0.875567	0.483097
5.22544	-0.871252	0.490837
5.2343	-0.866867	0.498539
5.24317	-0.862413	0.506205
5.25203	-0.857891	0.513832
5.2609	-0.8533	0.52142
5.26977	-0.848641	0.528969
5.27865	-0.843915	0.536477
5.28752	-0.839121	0.543945
5.2964	-0.834259	0.551372
5.30528	-0.829332	0.558757
5.31416	-0.824337	0.566099
5.32304	-0.819277	0.573398
5.33192	-0.814151	0.580654
5.34081	-0.808959	0.587865
5.34969	-0.803703	0.595031
5.35858	-0.798381	0.602152
5.36747	-0.792996	0.609227
5.37637	-0.787547	0.616255
5.38526	-0.782034	0.623235
5.39416	-0.776459	0.630168
5.40306	-0.77082	0.637053
5.41196	-0.765119	0.643888
5.42086	-0.759357	0.650674
5.42977	-0.753533	0.65741
5.43867	-0.747648	0.664095
5.44758	-0.741702	0.670729
5.45649	-0.735697	0.677311
5.4654	-0.729631	0.683841
5.47432	-0.723506	0.690318
5.48323	-0.717323	0.696741
5.49215	-0.711081	0.703111
5.50107	-0.704781	0.709425
5.50999	-0.698423	0.715685
5.51892	-0.692009	0.721889
5.52784	-0.685538	0.728037
5.53677	-0.679011	0.734128
5.5457	-0.672428	0.740163
5.55463	-0.66579	0.746139
5.56357	-0.659098	0.752057
5.5725	-0.652351	0.757917
5.58144	-0.645551	0.763717
5.59038	-0.638698	0.769458
5.59932	-0.631792	0.775138
5.60827	-0.624834	0.780757
5.61721	-0.617825	0.786316
5.62616	-0.610764	0.791813
5.63511	-0.603653	0.797247
5.64406	-0.596492	0.802619
5.65302	-0.589282	0.807928
5.66197	-0.582022	0.813173
5.67093	-0.574715	0.818354
5.67989	-0.567359	0.823471
5.68885	-0.559956	0.828522
5.69782	-0.552507	0.833508
5.70678	-0.545011	0.838429
5.71575	-0.53747	0.843283
5.72472	-0.529884	0.84807
5.73369	-0.522253	0.852791
5.74267	-0.514579	0.857443
5.75165	-0.506861	0.862028
5.76062	-0.499101	0.866544
5.76961	-0.491298	0.870992
5.77859	-0.483454	0.87537
5.78757	-0.475569	0.879678
5.79656	-0.467644	0.883917
5.80555	-0.45968	0.888085
5.81454	-0.451676	0.892182
5.82354	-0.443634	0.896208
5.83253	-0.435554	0.900163
5.84153	-0.427436	0.904045
5.85053	-0.419283	0.907856
5.85953	-0.411093	0.911593
5.86854	-0.402868	0.915258
5.87754	-0.394608	0.918849
5.88655	-0.386314	0.922367
5.89556	-0.377987	0.925811
5.90458	-0.369628	0.92918
5.91359	-0.361236	0.932475
5.92261	-0.352812	0.935694
5.93163	-0.344358	0.938838
5.94065	-0.335874	0.941907
5.94968	-0.327361	0.9449
5.9587	-0.318818	0.947816
5.96773	-0.310248	0.950656
5.97676	-0.30165	0.953419
5.9858	-0.293025	0.956105
5.99483	-0.284374	0.958713
6.00387	-0.275698	0.961244
6.01291	-0.266998	0.963697
6.02195	-0.258273	0.966072
6.031	-0.249525	0.968368
6.04004	-0.240754	0.970586
6.04909	-0.231961	0.972725
6.05814	-0.223147	0.974785
6.0672	-0.214313	0.976765
6.07625	-0.205458	0.978666
6.08531	-0.196585	0.980487
6.09437	-0.187693	0.982228
6.10344	-0.178784	0.983888
6.1125	-0.169857	0.985469
6.12157	-0.160914	0.986968
6.13064	-0.151956	0.988387
6.13971	-0.142983	0.989725
6.14879	-0.133996	0.990982
6.15786	-0.124995	0.992157
6.16694	-0.115982	0.993251
6.17602	-0.106956	0.994264
6.18511	-0.0979201	0.995194
6.19419	-0.0888732	0.996043
6.20328	-0.0798165	0.99681
6.21238	-0.0707509	0.997494
6.22147	-0.061677	0.998096
6.23057	-0.0525956	0.998616
6.23966	-0.0435074	0.999053
6.24877	-0.0344132	0.999408
6.25787	-0.0253137	0.99968
6.26697	-0.0162096	0.999869
6.27608	-0.00710175	0.999975
6.28519	0.00200918	0.999998
6.29431	0.0111224	0.999938
6.30342	0.0202372	0.999795
6.31254	0.0293528	0.999569
6.32166	0.0384685	0.99926
6.33079	0.0475834	0.998867
6.33991	0.0566969	0.998391
6.34904	0.0658082	0.997832
6.35817	0.0749165	0.99719
6.36731	0.0840211	0.996464
6.37644	0.0931213	0.995655
6.38558	0.102216	0.994762
6.39472	0.111305	0.993786
6.40387	0.120387	0.992727
6.41301	0.129462	0.991584
6.42216	0.138528	0.990358
6.43131	0.147586	0.989049
6.44047	0.156633	0.987657
6.44962	0.16567	0.986181
6.45878	0.174696	0.984622
6.46794	0.183709	0.982981
6.47711	0.19271	0.981256
6.48628	0.201697	0.979448
6.49545	0.21067	0.977557
6.50462	0.219628	0.975584
6.51379	0.228569	0.973528
6.52297	0.237495	0.971389
6.53215	0.246402	0.969168
6.54133	0.255292	0.966864
6.55052	0.264162	0.964478
6.55971	0.273013	0.96201
6.5689	0.281844	0.95946
6.57809	0.290653	0.956828
6.58729	0.299441	0.954115
6.59649	0.308205	0.95132
6.60569	0.316946	0.948443
6.6149	0.325663	0.945486
6.62411	0.334355	0.942447
6.63332	0.343021	0.939328
6.64253	0.351661	0.936127
6.65175	0.360274	0.932847
6.66097	0.368858	0.929486
6.67019	0.377414	0.926045
6.67941	0.38594	0.922524
6.68864	0.394436	0.918923
6.69787	0.402901	0.915244
6.7071	0.411334	0.911485
6.71634	0.419735	0.907647
6.72558	0.428103	0.90373
6.73482	0.436437	0.899735
6.74406	0.444736	0.895662
6.75331	0.452999	0.891511
6.76256	0.461227	0.887282
6.77182	0.469417	0.882977
6.78107	0.47757	0.878594
6.79033	0.485685	0.874134
6.79959	0.49376	0.869598
6.80886	0.501796	0.864986
6.81813	0.509791	0.860298
6.8274	0.517745	0.855535
6.83667	0.525657	0.850697
6.84595	0.533527	0.845783
6.85523	0.541352	0.840796
6.86451	0.549134	0.835734
6.8738	0.556871	0.830599
6.88309	0.564563	0.82539
6.89238	0.572208	0.820108
6.90168	0.579807	0.814754
6.91098	0.587358	0.809327
6.92028	0.59486	0.803829
6.92958	0.602314	0.798259
6.93889	0.609718	0.792618
6.9482	0.617071	0.786907
6.95752	0.624374	0.781126
6.96683	0.631625	0.775274
6.97615	0.638823	0.769354
6.98548	0.645969	0.763364
6.9948	0.65306	0.757306
7.00413	0.660097	0.75118
7.01347	0.667079	0.744987
7.0228	0.674006	0.738726
7.03214	0.680876	0.732399
7.04149	0.687689	0.726006
7.05083	0.694444	0.719547
7.06018	0.701141	0.713023
7.06953	0.707779	0.706434
7.07889	0.714358	0.699781
7.08825	0.720876	0.693064
7.09761	0.727333	0.686285
7.10698	0.733729	0.679442
7.11635	0.740063	0.672538
7.12572	0.746334	0.665572
7.1351	0.752541	0.658545
7.14448	0.758685	0.651458
7.15386	0.764764	0.64431
7.16325	0.770778	0.637104
7.17264	0.776726	0.629838
7.18203	0.782608	0.622515
7.19143	0.788423	0.615133
7.20083	0.794171	0.607695
7.21023	0.79985	0.6002
7.21964	0.805461	0.592649
7.22905	0.811002	0.585043
7.23846	0.816474	0.577382
7.24788	0.821876	0.569667
7.2573	0.827206	0.561899
7.26673	0.832465	0.554077
7.27616	0.837652	0.546204
7.28559	0.842767	0.538279
7.29502	0.847808	0.530303
7.30446	0.852776	0.522276
7.31391	0.85767	0.5142
7.32335	0.862489	0.506075
7.3328	0.867233	0.497902
7.34226	0.871902	0.489681
7.35172	0.876494	0.481413
7.36118	0.88101	0.473098
7.37064	0.885448	0.464738
7.38011	0.889809	0.456333
7.38958	0.894092	0.447884
7.39906	0.898296	0.43939
7.40854	0.902421	0.430855
7.41803	0.906467	0.422276
7.42751	0.910433	0.413657
7.43701	0.914318	0.404996
7.4465	0.918123	0.396296
7.456	0.921846	0.387556
7.46551	0.925488	0.378778
7.47501	0.929047	0.369961
7.48453	0.932524	0.361108
7.49404	0.935918	0.352218
7.50356	0.939228	0.343293
7.51308	0.942455	0.334332
7.52261	0.945598	0.325338
7.53214	0.948656	0.31631
7.54168	0.951629	0.30725
7.55122	0.954517	0.298157
7.56076	0.957319	0.289034
7.57031	0.960035	0.27988
7.57986	0.962665	0.270697
7.58942	0.965207	0.261485
7.59898	0.967663	0.252245
7.60855	0.970032	0.242978
7.61812	0.972312	0.233685
7.62769	0.974505	0.224366
7.63727	0.976609	0.215023
7.64685	0.978625	0.205655
7.65643	0.980551	0.196265
7.66603	0.982388	0.186852
7.67562	0.984136	0.177417
7.68522	0.985793	0.167962
7.69482	0.987361	0.158488
7.70443	0.988838	0.148994
7.71404	0.990225	0.139482
7.72366	0.99152	0.129953
7.73328	0.992725	0.120407
7.74291	0.993838	0.110846
7.75254	0.994859	0.101269
7.76217	0.995789	0.0916793
7.77181	0.996626	0.0820762
7.78146	0.997371	0.0724608
7.79111	0.998024	0.0628341
7.80076	0.998584	0.0531968
7.81042	0.999051	0.04355
7.82008	0.999425	0.0338944
7.82975	0.999706	0.0242308
7.83942	0.999894	0.0145603
7.8491	0.999988	0.00488362
7.85878	0.999988	-0.00479832
7.86847	0.999895	-0.0144846
7.87816	0.999708	-0.0241745
7.88786	0.999426	-0.0338669
7.89756	0.999051	-0.0435611
7.90726	0.998581	-0.0532561
7.91697	0.998017	-0.062951
7.92669	0.997358	-0.072645
7.93641	0.996605	-0.0823371
7.94614	0.995757	-0.0920265
7.95587	0.994814	-0.101712
7.96561	0.993776	-0.111393
7.97535	0.992644	-0.121069
7.9851	0.991417	-0.130739
7.99485	0.990095	-0.140401
8.00461	0.988678	-0.150055
8.01437	0.987166	-0.159699
8.02414	0.985559	-0.169334
8.03391	0.983857	-0.178958
8.04369	0.98206	-0.18857
8.05347	0.980168	-0.19817
8.06326	0.978181	-0.207755
8.07306	0.976099	-0.217326
8.08286	0.973922	-0.226882
8.09266	0.971651	-0.236421
8.10247	0.969284	-0.245943
8.11229	0.966823	-0.255447
8.12211	0.964267	-0.264931
8.13194	0.961617	-0.274395
8.14178	0.958872	-0.283838
8.15162	0.956033	-0.29326
8.16146	0.953099	-0.302658
8.17131	0.950071	-0.312033
8.18117	0.946949	-0.321382
8.19103	0.943734	-0.330707
8.2009	0.940424	-0.340004
8.21078	0.937021	-0.349274
8.22066	0.933524	-0.358516
8.23055	0.929933	-0.367728
8.24044	0.92625	-0.37691
8.25034	0.922473	-0.38606
8.26024	0.918604	-0.395179
8.27016	0.914642	-0.404264
8.28007	0.910588	-0.413316
8.29	0.906441	-0.422332
8.29993	0.902202	-0.431313
8.30987	0.897872	-0.440257
8.31981	0.89345	-0.449163
8.32976	0.888937	-0.45803
8.33972	0.884332	-0.466858
8.34968	0.879637	-0.475645
8.35965	0.874852	-0.484391
8.36963	0.869976	-0.493095
8.37961	0.86501	-0.501755
8.3896	0.859954	-0.510371
8.39959	0.854809	-0.518942
8.4096	0.849575	-0.527467
8.41961	0.844253	-0.535945
8.42963	0.838842	-0.544376
8.43965	0.833342	-0.552757
8.44968	0.827755	-0.561089
8.45972	0.822081	-0.56937
8.46977	0.81632	-0.5776
8.47982	0.810472	-0.585777
8.48988	0.804538	-0.593901
8.49995	0.798518	-0.601971
8.51002	0.792412	-0.609986
8.52011	0.786222	-0.617944
8.5302	0.779947	-0.625846
8.5403	0.773587	-0.63369
8.5504	0.767144	-0.641475
8.56051	0.760617	-0.649201
8.57064	0.754008	-0.656866
8.58077	0.747316	-0.664469
8.5909	0.740541	-0.672011
8.60105	0.733686	-0.679489
8.6112	0.726749	-0.686903
8.62136	0.719732	-0.694252
8.63153	0.712634	-0.701536
8.64171	0.705457	-0.708752
8.6519	0.698201	-0.715901
8.66209	0.690867	-0.722982
8.67229	0.683454	-0.729993
8.68251	0.675964	-0.736935
8.69273	0.668397	-0.743805
8.70296	0.660753	-0.750603
8.71319	0.653034	-0.757329
8.72344	0.645239	-0.76398
8.7337	0.63737	-0.770558
8.74396	0.629426	-0.77706
8.75424	0.621409	-0.783486
8.76452	0.613319	-0.789835
8.77481	0.605157	-0.796106
8.78512	0.596923	-0.802299
8.79543	0.588618	-0.808412
8.80575	0.580242	-0.814444
8.81608	0.571796	-0.820396
8.82643	0.563282	-0.826265
8.83678	0.554698	-0.832052
8.84714	0.546047	-0.837754
8.85751	0.537329	-0.843373
8.86789	0.528544	-0.848906
8.87829	0.519693	-0.854353
8.88869	0.510776	-0.859714
8.8991	0.501796	-0.864986
8.90953	0.492751	-0.87017
8.91997	0.483644	-0.875265
8.93041	0.474474	-0.88027
8.94087	0.465242	-0.885184
8.95134	0.455949	-0.890006
8.96182	0.446597	-0.894735
8.97231	0.437184	-0.899372
8.98282	0.427713	-0.903915
8.99333	0.418184	-0.908362
9.00386	0.408598	-0.912715
9.0144	0.398955	-0.91697
9.02495	0.389257	-0.921129
9.03552	0.379503	-0.92519
9.0461	0.369696	-0.929153
9.05669	0.359835	-0.933016
9.06729	0.349922	-0.936779
9.07791	0.339957	-0.940441
9.08854	0.329941	-0.944002
9.09918	0.319875	-0.94746
9.10984	0.309759	-0.950815
9.12051	0.299595	-0.954066
9.13119	0.289384	-0.957213
9.14189	0.279125	-0.960255
9.15261	0.268821	-0.96319
9.16334	0.258472	-0.966019
9.17408	0.248078	-0.96874
9.18484	0.237641	-0.971353
9.19562	0.227161	-0.973857
9.20641	0.216639	-0.976252
9.21721	0.206077	-0.978536
9.22804	0.195474	-0.980709
9.23888	0.184833	-0.98277
9.24973	0.174153	-0.984719
9.26061	0.163436	-0.986554
9.2715	0.152682	-0.988275
9.28241	0.141892	-0.989882
9.29333	0.131068	-0.991373
9.30428	0.12021	-0.992748
9.31524	0.109319	-0.994007
9.32622	0.098396	-0.995147
9.33722	0.0874416	-0.99617
9.34825	0.0764569	-0.997073
9.35929	0.0654427	-0.997856
9.37035	0.0543999	-0.998519
9.38143	0.0433294	-0.999061
9.39254	0.0322321	-0.99948
9.40367	0.0211088	-0.999777
9.41482	0.00996047	-0.99995
9.42599	-0.00121211	-0.999999
9.43719	-0.012408	-0.999923
9.44841	-0.0236265	-0.999721
9.45965	-0.0348665	-0.999392
9.47092	-0.0461274	-0.998936
9.48222	-0.0574083	-0.998351
9.49354	-0.0687084	-0.997637
9.50489	-0.0800268	-0.996793
9.51627	-0.0913627	-0.995818
9.52767	-0.102716	-0.994711
9.53911	-0.114084	-0.993471
9.55058	-0.125468	-0.992098
9.56208	-0.136867	-0.990589
9.57361	-0.14828	-0.988945
9.58517	-0.159705	-0.987165
9.59677	-0.171144	-0.985246
9.6084	-0.182594	-0.983188
9.62007	-0.194056	-0.980991
9.63178	-0.205528	-0.978651
9.64353	-0.217011	-0.976169
9.65532	-0.228505	-0.973543
9.66715	-0.240007	-0.970771
9.67903	-0.25152	-0.967852
9.69095	-0.263041	-0.964785
9.70292	-0.274572	-0.961567
9.71494	-0.286112	-0.958196
9.72702	-0.297661	-0.954672
9.73915	-0.30922	-0.95099
9.75134	-0.32079	-0.94715
9.76359	-0.33237	-0.943149
9.77591	-0.343961	-0.938984
9.7883	-0.355566	-0.934651
9.80076	-0.367186	-0.930148
9.8133	-0.378822	-0.92547
9.82593	-0.390477	-0.920613
9.83865	-0.402154	-0.915572
9.85147	-0.413858	-0.910342
9.86439	-0.425592	-0.904915
9.87744	-0.437364	-0.899285
9.89063	-0.449181	-0.893441
9.90396	-0.461054	-0.887372
9.91747	-0.472996	-0.881065
9.93117	-0.485026	-0.8745
9.94511	-0.497171	-0.867653
9.95934	-0.509468	-0.86049
9.97395	-0.521978	-0.852959
9.98906	-0.534807	-0.844974
10	-0.544021	-0.839072


0	0	1
1	0.841471	0.540302
2	0.909297	-0.416147
3	0.14112	-0.989992
4	-0.756802	-0.653644
5	-0.958924	0.283662
6	-0.279415	0.96017
7	0.656987	0.753902
8	0.989358	-0.1455
9	0.412118	-0.91113


0.1	0.0125
0.10062	0.0126554
0.101358	0.0128418
0.102084	0.0130264
0.102816	0.0132138
0.10355	0.0134034
0.104289	0.0135952
0.105031	0.0137893
0.105776	0.0139858
0.106525	0.0141846
0.107278	0.0143857
0.108034	0.0145893
0.108794	0.0147952
0.109558	0.0150036
0.110325	0.0152144
0.111095	0.0154277
0.11187	0.0156435
0.112648	0.0158618
0.113429	0.0160827
0.114214	0.0163061
0.115003	0.0165321
0.115796	0.0167608
0.116592	0.0169921
0.117392	0.017226
0.118196	0.0174627
0.119003	0.0177021
0.119814	0.0179442
0.120629	0.0181891
0.121447	0.0184368
0.12227	0.0186873
0.123096	0.0189407
0.123926	0.0191969
0.124759	0.019456
0.125597	0.0197181
0.126438	0.0199831
0.127283	0.0202511
0.128132	0.0205221
0.128985	0.0207961
0.129841	0.0210732
0.130701	0.0213534
0.131566	0.0216368
0.132434	0.0219232
0.133306	0.0222129
0.134182	0.0225057
0.135061	0.0228018
0.135945	0.0231011
0.136833	0.0234038
0.137724	0.0237097
0.13862	0.024019
0.139519	0.0243317
0.140422	0.0246478
0.14133	0.0249674
0.142241	0.0252904
0.143156	0.0256169
0.144076	0.0259469
0.144999	0.0262806
0.145926	0.0266178
0.146858	0.0269586
0.147793	0.0273031
0.148733	0.0276513
0.149676	0.0280033
0.150624	0.0283589
0.151576	0.0287184
0.152531	0.0290817
0.153491	0.0294489
0.154455	0.0298199
0.155423	0.0301949
0.156396	0.0305738
0.157372	0.0309567
0.158352	0.0313437
0.159337	0.0317347
0.160326	0.0321298
0.161319	0.032529
0.162316	0.0329325
0.163318	0.0333401
0.164324	0.0337519
0.165334	0.034168
0.166348	0.0345885
0.167366	0.0350133
0.168389	0.0354424
0.169416	0.035876
0.170447	0.0363141
0.171483	0.0367567
0.172523	0.0372038
0.173567	0.0376554
0.174615	0.0381117
0.175668	0.0385727
0.176725	0.0390383
0.177787	0.0395086
0.178853	0.0399838
0.179923	0.0404637
0.180998	0.0409485
0.182077	0.0414382
0.183161	0.0419328
0.184249	0.0424324
0.185341	0.042937
0.186438	0.0434467
0.18754	0.0439615
0.188646	0.0444814
0.189756	0.0450065
0.190871	0.0455368
0.19199	0.0460724
0.193114	0.0466133
0.194243	0.0471595
0.195376	0.0477112
0.196513	0.0482683
0.197655	0.0488309
0.198802	0.0493991
0.199953	0.0499728
0.201109	0.0505521
0.20227	0.0511372
0.203435	0.0517279
0.204605	0.0523244
0.205779	0.0529267
0.206959	0.0535349
0.208143	0.054149
0.209331	0.054769
0.210524	0.0553951
0.211722	0.0560272
0.212925	0.0566654
0.214133	0.0573098
0.215345	0.0579603
0.216562	0.0586171
0.217784	0.0592803
0.219011	0.0599497
0.220242	0.0606256
0.221479	0.0613079
0.22272	0.0619968
0.223966	0.0626922
0.225217	0.0633942
0.226473	0.0641029
0.227733	0.0648183
0.228999	0.0655404
0.230269	0.0662694
0.231545	0.0670053
0.232825	0.0677481
0.234111	0.068498
0.235401	0.0692548
0.236697	0.0700188
0.237997	0.0707899
0.239303	0.0715683
0.240613	0.0723539
0.241929	0.0731469
0.243249	0.0739472
0.244575	0.074755
0.245906	0.0755703
0.247242	0.0763932
0.248583	0.0772237
0.249929	0.0780619
0.251281	0.0789079
0.252637	0.0797617
0.253999	0.0806233
0.255366	0.0814929
0.256738	0.0823705
0.258116	0.0832561
0.259499	0.0841499
0.260887	0.0850519
0.26228	0.0859621
0.263679	0.0868806
0.265083	0.0878076
0.266492	0.088743
0.267907	0.0896869
0.269327	0.0906394
0.270752	0.0916005
0.272183	0.0925704
0.27362	0.093549
0.275062	0.0945366
0.276509	0.095533
0.277962	0.0965385
0.27942	0.097553
0.280884	0.0985767
0.282353	0.0996096
0.283828	0.100652
0.285308	0.101703
0.286795	0.102764
0.288286	0.103835
0.289784	0.104915
0.291287	0.106005
0.292795	0.107104
0.29431	0.108213
0.29583	0.109333
0.297356	0.110462
0.298887	0.111601
0.300425	0.11275
0.301968	0.11391
0.303517	0.11508
0.305072	0.11626
0.306633	0.11745
0.3082	0.118652
0.309772	0.119863
0.311351	0.121086
0.312935	0.122319
0.314526	0.123563
0.316122	0.124818
0.317725	0.126085
0.319333	0.127362
0.320948	0.12865
0.322569	0.12995
0.324196	0.131261
0.325829	0.132584
0.327468	0.133919
0.329114	0.135265
0.330765	0.136622
0.332423	0.137992
0.334088	0.139374
0.335758	0.140767
0.337435	0.142173
0.339118	0.143591
0.340808	0.145021
0.342504	0.146464
0.344207	0.14792
0.345916	0.149388
0.347632	0.150869
0.349354	0.152362
0.351082	0.153869
0.352818	0.155389
0.35456	0.156921
0.356309	0.158468
0.358064	0.160027
0.359826	0.1616
0.361595	0.163187
0.363371	0.164787
0.365153	0.166401
0.366943	0.16803
0.368739	0.169672
0.370542	0.171328
0.372353	0.172999
0.37417	0.174684
0.375994	0.176384
0.377826	0.178098
0.379665	0.179827
0.381511	0.181571
0.383364	0.183331
0.385224	0.185105
0.387092	0.186894
0.388967	0.188699
0.390849	0.19052
0.392739	0.192356
0.394637	0.194208
0.396542	0.196076
0.398454	0.19796
0.400374	0.199861
0.402302	0.201778
0.404238	0.203711
0.406181	0.205661
0.408132	0.207628
0.410091	0.209611
0.412058	0.211612
0.414033	0.21363
0.416017	0.215666
0.418008	0.217719
0.420007	0.21979
0.422015	0.221879
0.424031	0.223986
0.426055	0.226111
0.428088	0.228254
0.430129	0.230416
0.432179	0.232597
0.434238	0.234797
0.436305	0.237016
0.438381	0.239254
0.440465	0.241512
0.442559	0.243789
0.444662	0.246086
0.446773	0.248403
0.448894	0.250741
0.451024	0.253099
0.453164	0.255477
0.455313	0.257876
0.457471	0.260297
0.459639	0.262738
0.461817	0.265201
0.464004	0.267686
0.466202	0.270193
0.468409	0.272722
0.470626	0.275273
0.472854	0.277847
0.475092	0.280444
0.47734	0.283064
0.479599	0.285707
0.481868	0.288374
0.484148	0.291065
0.486439	0.29378
0.488742	0.296519
0.491055	0.299283
0.493379	0.302072
0.495715	0.304886
0.498063	0.307726
0.500422	0.310592
0.502794	0.313484
0.505177	0.316403
0.507572	0.319348
0.50998	0.322321
0.5124	0.325321
0.514834	0.328349
0.51728	0.331405
0.519739	0.33449
0.522211	0.337604
0.524698	0.340747
0.527197	0.343921
0.529711	0.347124
0.532239	0.350358
0.534782	0.353623
0.537339	0.35692
0.539911	0.360249
0.542499	0.36361
0.545102	0.367005
0.54772	0.370433
0.550355	0.373895
0.553007	0.377392
0.555675	0.380924
0.55836	0.384492
0.561063	0.388097
0.563784	0.391738
0.566523	0.395418
0.569281	0.399136
0.572058	0.402893
0.574855	0.406691
0.577672	0.41053
0.580509	0.41441
0.583368	0.418333
0.586249	0.4223
0.589152	0.426311
0.592078	0.430368
0.595028	0.434472
0.598002	0.438624
0.601002	0.442825
0.604028	0.447077
0.607081	0.45138
0.610162	0.455738
0.613272	0.46015
0.616412	0.464619
0.619584	0.469147
0.622788	0.473736
0.626027	0.478388
0.629301	0.483106
0.632612	0.487891
0.635963	0.492748
0.639355	0.497678
0.642791	0.502686
0.646273	0.507776
0.649805	0.512952
0.653388	0.518218
0.657028	0.523581
0.660728	0.529048
0.664493	0.534624
0.66833	0.540321
0.672244	0.546147
0.676245	0.552115
0.680343	0.558242
0.68455	0.564547
0.688884	0.571055
0.693367	0.5778
0.69803	0.58483
0.70292	0.592216
0.708115	0.600075
0.713759	0.608629
0.720219	0.618435
0.726906	0.628598
0.732578	0.637227
0.737869	0.64528
0.742904	0.652946
0.747976	0.660668
0.752829	0.668054
0.757539	0.675221
0.762136	0.68221
0.766641	0.689055
0.771071	0.695779
0.775437	0.702397
0.779748	0.708924
0.784012	0.715369
0.788235	0.721741
0.792421	0.728047
0.796576	0.734292
0.800703	0.740482
0.804805	0.746619
0.808886	0.752709
0.812947	0.758753
0.816991	0.764755
0.821021	0.770717
0.825038	0.77664
0.829043	0.782526
0.83304	0.788378
0.837028	0.794195
0.84101	0.79998
0.844987	0.805733
0.84896	0.811456
0.852931	0.817149
0.8569	0.822813
0.86087	0.828448
0.86484	0.834056
0.868813	0.839636
0.872789	0.845189
0.87677	0.850716
0.880756	0.856216
0.884749	0.861691
0.88875	0.867141
0.892759	0.872565
0.89678	0.877964
0.900811	0.883339
0.904856	0.888689
0.908914	0.894015
0.912989	0.899318
0.91708	0.904596
0.92119	0.909852
0.92532	0.915085
0.929472	0.920295
0.933649	0.925483
0.937852	0.93065
0.942083	0.935796
0.946346	0.940922
0.950642	0.946029
0.954976	0.951118
0.959351	0.956191
0.963771	0.961248
0.968241	0.966293
0.972767	0.971328
0.977355	0.976356
0.982014	0.981381
0.986753	0.986409
0.991584	0.991446
0.996524	0.996502
1.00159	1.00159
1.00682	1.00673
1.01225	1.01195
1.01795	1.0173
1.02405	1.02286
1.03081	1.02886
1.03935	1.03614
1.04547	1.04116
1.05116	1.04568
1.05653	1.04981
1.06166	1.05363
1.06682	1.05736
1.07176	1.06081
1.07655	1.06405
1.08121	1.06709
1.08576	1.06997
1.09021	1.07269
1.09458	1.07526
1.09887	1.07771
1.10309	1.08003
1.10726	1.08223
1.11136	1.08432
1.11542	1.0863
1.11942	1.08818
1.12339	1.08997
1.12731	1.09166
1.13119	1.09327
1.13503	1.09478
1.13884	1.09621
1.14262	1.09756
1.14637	1.09883
1.15008	1.10003
1.15377	1.10115
1.15744	1.1022
1.16108	1.10317
1.16469	1.10408
1.16828	1.10492
1.17185	1.10569
1.1754	1.1064
1.17893	1.10705
1.18244	1.10763
1.18594	1.10816
1.18941	1.10862
1.19287	1.10903
1.19631	1.10938
1.19974	1.10967
1.20315	1.10991
1.20655	1.11009
1.20994	1.11022
1.21331	1.1103
1.21667	1.11032
1.22002	1.1103
1.22335	1.11022
1.22668	1.1101
1.22999	1.10993
1.2333	1.10971
1.23659	1.10945
1.23987	1.10913
1.24315	1.10878
1.24642	1.10837
1.24968	1.10793
1.25293	1.10744
1.25617	1.10691
1.25941	1.10633
1.26263	1.10571
1.26586	1.10506
1.26907	1.10436
1.27228	1.10362
1.27549	1.10284
1.27869	1.10202
1.28188	1.10116
1.28507	1.10027
1.28825	1.09934
1.29143	1.09837
1.29461	1.09736
1.29778	1.09632
1.30095	1.09524
1.30412	1.09412
1.30728	1.09297
1.31044	1.09179
1.3136	1.09057
1.31675	1.08931
1.31991	1.08803
1.32306	1.0867
1.32621	1.08535
1.32936	1.08396
1.3325	1.08255
1.33565	1.08109
1.3388	1.07961
1.34194	1.0781
1.34509	1.07655
1.34823	1.07498
1.35138	1.07337
1.35452	1.07173
1.35767	1.07007
1.36082	1.06837
1.36397	1.06664
1.36712	1.06489
1.37027	1.0631
1.37342	1.06129
1.37658	1.05945
1.37974	1.05758
1.3829	1.05568
1.38606	1.05376
1.38923	1.0518
1.3924	1.04982
1.39558	1.04781
1.39875	1.04578
1.40193	1.04372
1.40512	1.04163
1.40831	1.03951
1.4115	1.03737
1.4147	1.0352
1.41791	1.03301
1.42112	1.03078
1.42434	1.02854
1.42756	1.02626
1.43079	1.02397
1.43402	1.02164
1.43727	1.01929
1.44052	1.01692
1.44377	1.01452
1.44704	1.01209
1.45031	1.00964
1.4536	1.00716
1.45689	1.00466
1.46019	1.00213
1.4635	0.999578
1.46682	0.997
1.47015	0.994397
1.47349	0.991768
1.47684	0.989114
1.4802	0.986434
1.48358	0.983729
1.48696	0.980998
1.49036	0.978242
1.49378	0.97546
1.49721	0.972651
1.50065	0.969817
1.5041	0.966956
1.50758	0.964068
1.51107	0.961154
1.51457	0.958212
1.5181	0.955243
1.52164	0.952247
1.5252	0.949222
1.52878	0.946169
1.53238	0.943086
1.536	0.939975
1.53964	0.936833
1.54331	0.93366
1.547	0.930457
1.55072	0.927221
1.55447	0.923952
1.55824	0.92065
1.56204	0.917313
1.56588	0.91394
1.56974	0.91053
1.57365	0.907082
1.57758	0.903594
1.58156	0.900064
1.58558	0.89649
1.58965	0.892871
1.59376	0.889203
1.59792	0.885484
1.60214	0.88171
1.60642	0.877878
1.61077	0.873983
1.61519	0.870019
1.61969	0.865979
1.62428	0.861856
1.62897	0.85764
1.63378	0.853316
1.63873	0.848869
1.64384	0.844274
1.64915	0.839496
1.65473	0.834484
1.66068	0.829144
1.66721	0.823288
1.67498	0.816327
1.68144	0.810554
1.68746	0.805178
1.69311	0.800147
1.6985	0.795355
1.70392	0.790538
1.70912	0.785937
1.71416	0.781484
1.71907	0.777154
1.72387	0.772927
1.72859	0.76879
1.73322	0.764731
1.73779	0.760743
1.7423	0.756818
1.74675	0.752951
1.75115	0.749136
1.75551	0.745371
1.75982	0.741652
1.7641	0.737975
1.76834	0.734339
1.77256	0.73074
1.77674	0.727177
1.78089	0.723649
1.78502	0.720153
1.78912	0.716688
1.7932	0.713253
1.79726	0.709846
1.8013	0.706467
1.80533	0.703115
1.80933	0.699788
1.81332	0.696486
1.81729	0.693208
1.82124	0.689953
1.82519	0.68672
1.82912	0.68351
1.83303	0.680321
1.83694	0.677152
1.84083	0.674004
1.84471	0.670876
1.84859	0.667767
1.85245	0.664677
1.8563	0.661606
1.86015	0.658553
1.86398	0.655517
1.86781	0.652499
1.87164	0.649499
1.87545	0.646514
1.87926	0.643547
1.88306	0.640595
1.88686	0.63766
1.89065	0.63474
1.89443	0.631836
1.89821	0.628947
1.90199	0.626073
1.90576	0.623214
1.90953	0.620369
1.91329	0.617539
1.91705	0.614723
1.92081	0.61192
1.92456	0.609132
1.92831	0.606358
1.93206	0.603596
1.93581	0.600848
1.93955	0.598114
1.94329	0.595392
1.94703	0.592683
1.95077	0.589987
1.95451	0.587304
1.95824	0.584633
1.96197	0.581974
1.96571	0.579328
1.96944	0.576694
1.97317	0.574072
1.9769	0.571461
1.98063	0.568863
1.98436	0.566276
1.98809	0.5637
1.99182	0.561136
1.99555	0.558584
1.99928	0.556042
2.00301	0.553512
2.00675	0.550993
2.01048	0.548485
2.01421	0.545988
2.01795	0.543502
2.02168	0.541026
2.02542	0.538562
2.02916	0.536107
2.0329	0.533663
2.03664	0.53123
2.04038	0.528807
2.04413	0.526394
2.04787	0.523992
2.05162	0.521599
2.05537	0.519217
2.05913	0.516845
2.06288	0.514482
2.06664	0.51213
2.0704	0.509787
2.07416	0.507454
2.07793	0.505131
2.08169	0.502818
2.08546	0.500513
2.08924	0.498219
2.09302	0.495934
2.09679	0.493658
2.10058	0.491392
2.10436	0.489135
2.10815	0.486887
2.11195	0.484649
2.11574	0.482419
2.11954	0.480199
2.12335	0.477987
2.12716	0.475785
2.13097	0.473592
2.13478	0.471407
2.1386	0.469231
2.14243	0.467065
2.14625	0.464906
2.15008	0.462757
2.15392	0.460616
2.15776	0.458484
2.16161	0.45636
2.16546	0.454245
2.16931	0.452139
2.17317	0.450041
2.17703	0.447951
2.1809	0.445869
2.18477	0.443796
2.18865	0.441732
2.19253	0.439675
2.19642	0.437627
2.20031	0.435587
2.20421	0.433554
2.20812	0.43153
2.21203	0.429515
2.21594	0.427507
2.21986	0.425507
2.22378	0.423515
2.22772	0.421531
2.23165	0.419554
2.23559	0.417586
2.23954	0.415626
2.2435	0.413673
2.24746	0.411728
2.25142	0.40979
2.25539	0.407861
2.25937	0.405938
2.26336	0.404024
2.26735	0.402117
2.27134	0.400218
2.27535	0.398326
2.27936	0.396441
2.28337	0.394564
2.28739	0.392695
2.29142	0.390833
2.29546	0.388978
2.2995	0.38713
2.30355	0.38529
2.30761	0.383457
2.31167	0.381631
2.31574	0.379813
2.31982	0.378001
2.3239	0.376197
2.32799	0.3744
2.33209	0.37261
2.33619	0.370827
2.34031	0.369051
2.34443	0.367282
2.34855	0.36552
2.35269	0.363765
2.35683	0.362017
2.36098	0.360275
2.36514	0.358541
2.36931	0.356814
2.37348	0.355093
2.37766	0.353379
2.38185	0.351672
2.38605	0.349971
2.39025	0.348277
2.39447	0.34659
2.39869	0.34491
2.40292	0.343236
2.40716	0.341569
2.4114	0.339908
2.41566	0.338254
2.41992	0.336607
2.42419	0.334966
2.42847	0.333331
2.43276	0.331703
2.43706	0.330082
2.44136	0.328466
2.44568	0.326858
2.45	0.325255
2.45433	0.323659
2.45868	0.322069
2.46303	0.320486
2.46739	0.318909
2.47176	0.317338
2.47613	0.315773
2.48052	0.314214
2.48492	0.312662
2.48932	0.311116
2.49374	0.309576
2.49817	0.308042
2.5026	0.306514
2.50704	0.304992
2.5115	0.303476
2.51596	0.301967
2.52044	0.300463
2.52492	0.298965
2.52941	0.297473
2.53392	0.295988
2.53843	0.294508
2.54295	0.293034
2.54749	0.291566
2.55203	0.290103
2.55659	0.288647
2.56115	0.287196
2.56573	0.285752
2.57031	0.284313
2.57491	0.282879
2.57952	0.281452
2.58414	0.28003
2.58876	0.278614
2.5934	0.277204
2.59805	0.275799
2.60271	0.2744
2.60739	0.273006
2.61207	0.271618
2.61676	0.270236
2.62147	0.268859
2.62619	0.267488
2.63092	0.266122
2.63566	0.264762
2.64041	0.263407
2.64517	0.262058
2.64994	0.260714
2.65473	0.259376
2.65953	0.258043
2.66434	0.256716
2.66916	0.255393
2.67399	0.254077
2.67884	0.252765
2.6837	0.251459
2.68857	0.250158
2.69345	0.248862
2.69834	0.247572
2.70325	0.246287
2.70817	0.245007
2.7131	0.243733
2.71804	0.242463
2.723	0.241199
2.72797	0.23994
2.73295	0.238686
2.73795	0.237437
2.74296	0.236193
2.74798	0.234955
2.75301	0.233721
2.75806	0.232493
2.76312	0.231269
2.76819	0.230051
2.77328	0.228837
2.77838	0.227629
2.78349	0.226425
2.78862	0.225227
2.79376	0.224033
2.79892	0.222844
2.80409	0.221661
2.80927	0.220482
2.81447	0.219308
2.81968	0.218139
2.8249	0.216974
2.83014	0.215815
2.8354	0.21466
2.84066	0.21351
2.84595	0.212365
2.85124	0.211225
2.85655	0.210089
2.86188	0.208958
2.86722	0.207832
2.87258	0.206711
2.87795	0.205594
2.88333	0.204482
2.88873	0.203374
2.89415	0.202271
2.89958	0.201173
2.90503	0.20008
2.91049	0.198991
2.91597	0.197906
2.92146	0.196826
2.92697	0.195751
2.93249	0.19468
2.93803	0.193614
2.94359	0.192552
2.94916	0.191495
2.95475	0.190442
2.96036	0.189393
2.96598	0.188349
2.97161	0.18731
2.97727	0.186275
2.98294	0.185244
2.98862	0.184217
2.99433	0.183195
3.00005	0.182178
3.00579	0.181164
3.01154	0.180155
3.01731	0.179151
3.0231	0.17815
3.02891	0.177154
3.03473	0.176162
3.04057	0.175175
3.04643	0.174191
3.0523	0.173212
3.0582	0.172237
3.06411	0.171267
3.07004	0.1703
3.07599	0.169338
3.08195	0.168379
3.08794	0.167425
3.09394	0.166475
3.09996	0.16553
3.106	0.164588
3.11206	0.16365
3.11813	0.162716
3.12423	0.161787
3.13035	0.160861
3.13648	0.15994
3.14263	0.159023
3.1488	0.158109
3.155	0.1572
3.16121	0.156294
3.16744	0.155393
3.17369	0.154495
3.17996	0.153601
3.18625	0.152712
3.19256	0.151826
3.19889	0.150944
3.20524	0.150066
3.21161	0.149192
3.218	0.148322
3.22442	0.147455
3.23085	0.146593
3.2373	0.145734
3.24378	0.144879
3.25028	0.144028
3.25679	0.143181
3.26333	0.142337
3.26989	0.141497
3.27647	0.140661
3.28308	0.139829
3.2897	0.139
3.29635	0.138175
3.30302	0.137354
3.30971	0.136537
3.31642	0.135723
3.32316	0.134912
3.32992	0.134106
3.3367	0.133303
3.3435	0.132504
3.35033	0.131708
3.35718	0.130916
3.36405	0.130128
3.37095	0.129343
3.37787	0.128561
3.38481	0.127784
3.39178	0.127009
3.39877	0.126239
3.40578	0.125471
3.41282	0.124708
3.41989	0.123947
3.42697	0.123191
3.43409	0.122437
3.44122	0.121688
3.44838	0.120941
3.45557	0.120198
3.46278	0.119459
3.47002	0.118723
3.47728	0.11799
3.48457	0.117261
3.49189	0.116535
3.49923	0.115812
3.50659	0.115093
3.51398	0.114377
3.5214	0.113665
3.52885	0.112956
3.53632	0.11225
3.54382	0.111547
3.55134	0.110848
3.55889	0.110152
3.56647	0.109459
3.57408	0.10877
3.58172	0.108084
3.58938	0.107401
3.59707	0.106721
3.60479	0.106044
3.61253	0.105371
3.62031	0.104701
3.62811	0.104034
3.63594	0.10337
3.64381	0.102709
3.6517	0.102051
3.65962	0.101397
3.66756	0.100746
3.67554	0.100098
3.68355	0.0994525
3.69159	0.0988105
3.69966	0.0981717
3.70776	0.0975358
3.71589	0.0969031
3.72405	0.0962734
3.73224	0.0956467
3.74046	0.095023
3.74871	0.0944024
3.757	0.0937848
3.76531	0.0931702
3.77366	0.0925586
3.78204	0.0919499
3.79046	0.0913442
3.7989	0.0907415
3.80738	0.0901417
3.81589	0.0895449
3.82443	0.088951
3.83301	0.08836
3.84162	0.0877719
3.85026	0.0871867
3.85894	0.0866044
3.86765	0.0860249
3.8764	0.0854484
3.88518	0.0848747
3.894	0.0843038
3.90285	0.0837358
3.91173	0.0831706
3.92065	0.0826082
3.92961	0.0820486
3.9386	0.0814918
3.94763	0.0809379
3.9567	0.0803866
3.9658	0.0798382
3.97494	0.0792925
3.98411	0.0787496
3.99332	0.0782094
4.00257	0.0776719
4.01186	0.0771372
4.02119	0.0766051
4.03055	0.0760758
4.03995	0.0755491
4.04939	0.0750252
4.05887	0.0745039
4.06839	0.0739853
4.07795	0.0734693
4.08755	0.0729559
4.09719	0.0724452
4.10687	0.0719372
4.11659	0.0714317
4.12635	0.0709289
4.13615	0.0704286
4.14599	0.0699309
4.15587	0.0694359
4.1658	0.0689433
4.17577	0.0684534
4.18578	0.067966
4.19583	0.0674811
4.20593	0.0669988
4.21607	0.066519
4.22625	0.0660417
4.23648	0.0655669
4.24675	0.0650946
4.25706	0.0646248
4.26742	0.0641575
4.27783	0.0636926
4.28828	0.0632302
4.29877	0.0627703
4.30932	0.0623128
4.31991	0.0618577
4.33054	0.0614051
4.34122	0.0609549
4.35195	0.0605071
4.36273	0.0600617
4.37355	0.0596186
4.38443	0.059178
4.39535	0.0587397
4.40632	0.0583038
4.41734	0.0578703
4.42841	0.057439
4.43953	0.0570102
4.4507	0.0565836
4.46192	0.0561594
4.4732	0.0557375
4.48452	0.0553179
4.49589	0.0549006
4.50732	0.0544856
4.5188	0.0540728
4.53033	0.0536624
4.54192	0.0532542
4.55356	0.0528482
4.56525	0.0524445
4.577	0.052043
4.58881	0.0516438
4.60067	0.0512467
4.61258	0.0508519
4.62455	0.0504593
4.63658	0.0500689
4.64866	0.0496806
4.6608	0.0492946
4.673	0.0489107
4.68526	0.048529
4.69757	0.0481494
4.70995	0.0477719
4.72238	0.0473967
4.73488	0.0470235
4.74743	0.0466524
4.76005	0.0462835
4.77272	0.0459167
4.78546	0.045552
4.79826	0.0451893
4.81113	0.0448288
4.82405	0.0444703
4.83704	0.0441138
4.8501	0.0437595
4.86322	0.0434071
4.8764	0.0430569
4.88965	0.0427086
4.90297	0.0423624
4.91635	0.0420182
4.9298	0.041676
4.94332	0.0413358
4.9569	0.0409976
4.97056	0.0406614
4.98428	0.0403272
4.99808	0.0399949
5.01194	0.0396646
5.02588	0.0393362
5.03989	0.0390098
5.05397	0.0386854
5.06812	0.0383628
5.08234	0.0380422
5.09664	0.0377235
5.11102	0.0374068
5.12547	0.0370919
5.13999	0.0367789
5.15459	0.0364678
5.16927	0.0361586
5.18403	0.0358512
5.19886	0.0355457
5.21378	0.0352421
5.22877	0.0349403
5.24385	0.0346404
5.259	0.0343423
5.27424	0.034046
5.28955	0.0337515
5.30496	0.0334589
5.32044	0.033168
5.33601	0.032879
5.35167	0.0325917
5.36741	0.0323062
5.38324	0.0320225
5.39915	0.0317406
5.41516	0.0314604
5.43125	0.031182
5.44743	0.0309053
5.4637	0.0306303
5.48007	0.0303571
5.49652	0.0300857
5.51307	0.0298159
5.52972	0.0295478
5.54645	0.0292815
5.56329	0.0290168
5.58022	0.0287538
5.59724	0.0284925
5.61437	0.0282329
5.63159	0.027975
5.64892	0.0277187
5.66634	0.027464
5.68387	0.027211
5.7015	0.0269597
5.71923	0.02671
5.73707	0.0264619
5.75501	0.0262154
5.77306	0.0259705
5.79122	0.0257272
5.80949	0.0254856
5.82786	0.0252455
5.84635	0.025007
5.86495	0.0247701
5.88366	0.0245347
5.90249	0.0243009
5.92143	0.0240687
5.94048	0.023838
5.95966	0.0236089
5.97895	0.0233812
5.99836	0.0231552
6.0179	0.0229306
6.03755	0.0227076
6.05733	0.022486
6.07724	0.022266
6.09727	0.0220475
6.11742	0.0218304
6.13771	0.0216148
6.15812	0.0214007
6.17867	0.0211881
6.19935	0.0209769
6.22016	0.0207672
6.24111	0.0205589
6.2622	0.0203521
6.28342	0.0201467
6.30478	0.0199428
6.32629	0.0197402
6.34793	0.0195391
6.36973	0.0193394
6.39166	0.019141
6.41375	0.0189441
6.43598	0.0187486
6.45837	0.0185544
6.4809	0.0183616
6.5036	0.0181702
6.52644	0.0179802
6.54945	0.0177915
6.57261	0.0176041
6.59594	0.0174181
6.61943	0.0172334
6.64308	0.0170501
6.6669	0.0168681
6.69089	0.0166874
6.71505	0.016508
6.73939	0.0163299
6.7639	0.0161531
6.78858	0.0159776
6.81345	0.0158034
6.8385	0.0156305
6.86373	0.0154588
6.88915	0.0152884
6.91476	0.0151192
6.94055	0.0149513
6.96654	0.0147847
6.99273	0.0146193
7.01912	0.0144551
7.0457	0.0142921
7.07249	0.0141304
7.09949	0.0139699
7.1267	0.0138105
7.15411	0.0136524
7.18175	0.0134955
7.2096	0.0133398
7.23767	0.0131852
7.26596	0.0130318
7.29448	0.0128796
7.32323	0.0127285
7.35222	0.0125786
7.38144	0.0124299
7.4109	0.0122823
7.44061	0.0121358
7.47057	0.0119904
7.50077	0.0118462
7.53123	0.0117031
7.56195	0.0115611
7.59294	0.0114202
7.62419	0.0112803
7.65571	0.0111416
7.68751	0.0110039
7.71959	0.0108674
7.75195	0.0107319
7.78461	0.0105974
7.81756	0.010464
7.8508	0.0103316
7.88436	0.0102003
7.91823	0.01007
7.95241	0.00994076
7.98691	0.00981251
8.02174	0.00968526
8.05691	0.00955901
8.09242	0.00943376
8.12827	0.00930949
8.16448	0.0091862
8.20106	0.00906387
8.238	0.00894251
8.27532	0.00882209
8.31302	0.00870262
8.35112	0.00858408
8.38962	0.00846646
8.42853	0.00834976
8.46786	0.00823396
8.50763	0.00811906
8.54783	0.00800504
8.5885	0.0078919
8.62963	0.00777961
8.67123	0.00766818
8.71333	0.00755758
8.75594	0.0074478
8.79907	0.00733884
8.84273	0.00723067
8.88696	0.00712327
8.93175	0.00701664
8.97714	0.00691076
9.02315	0.00680559
9.0698	0.00670113
9.11712	0.00659735
9.16513	0.00649422
9.21388	0.00639171
9.26338	0.00628978
9.31369	0.00618841
9.36486	0.00608754
9.41693	0.00598713
9.46996	0.00588711
9.52404	0.00578741
9.57925	0.00568793
9.6357	0.00558856
9.69352	0.00548915
9.75291	0.00538949
9.81412	0.00528928
9.87753	0.00518808
9.94376	0.00508511
10	0.0049998


0.5	0.310078
1.5	0.970351
2.5	0.307409
3.5	0.115737
4.5	0.054751
5.5	0.0300287
6.5	0.0182004
7.5	0.0118499
8.5	0.00814093
9.5	0.00583145
