|============================|
|   Testing QASC and QASO    |
|============================|

int_0^{pi/4} log(1+tan(t))
True value:	0.272198
============================
QASC: 0.272198	
Error estimate: 5.55112e-17
Actual error:	-5.55112e-17
Counts:	3
----------------------------
QASO: 0.272198
Error estimate: 0
Actual error:	0
Counts:	4


int_0^2*PI 1/(2+cos(t))
True value:	3.6276
============================
QASC: 3.6276	
Error estimate: 1.67712e-10
Actual error:	2.69029e-11
Counts:	296369
----------------------------
QASO: 3.6276
Error estimate: 1.44338e-10
Actual error:	0
Counts:	301424


int_0^PI cos(t)/(1+0.5*cos(t)+0.25^2)
True value:	0.20944
============================
QASC: 0.20944	
Error estimate: 1.76472e-10
Actual error:	-3.52568e-12
Counts:	347699
----------------------------
QASO: 0.20944
Error estimate: 1.38506e-10
Actual error:	-1.94289e-16
Counts:	368360


int_0^1 4*sqrt(1-(1-x)^2)
True value:	3.141592653589793
Tolerance: ACC = 1e-14, EPS = 1e-13
============================
QASC: 3.141592653588531	
Error estimate: 3.78644e-12
Actual error:	-1.2621e-12
Counts:	1156215
----------------------------
QASO: 3.141592653589793
Error estimate: 2.78158e-12
Actual error:	0
Counts:	1282336
----------------------------
GSL QAG: 3.141592653589794
Error estimate: 2.48326e-13
Actual error:	4.44089e-16
Counts:	2501

|============================|
|   Limits with infinities   |
|============================|

int_0^INF exp(t)
True value:	1
============================
QARO estimate: 1
Error estimate: 7.86049e-11
Actual error:	-3.45279e-14
Counts:	152652


int_0^-INF t^2*exp(t)
True value:	-2
============================
QASO estimate: -2
Error estimate: 1.27932e-10
Actual error:	2.88658e-15
Counts:	412632


int_-INF^INF 1/sqrt(1+t^4)
True value:	3.708149354602744
============================
QARO estimate: 3.70815
Error estimate: 9.38341e-11
Actual error:	-4.44089e-16
Counts:	549216
